[2023-03-06 02:03:23] [1] [WARN] Reporting disabled: using no op test run registrar
[2023-03-06 02:03:23] [1] [INFO] TEST [Surefire test - loginTest] STARTED at [18:03:23 2023-03-06]
[2023-03-06 02:03:23] [1] [INFO] Starting driver session...
[2023-03-06 02:03:25] [1] [INFO] Driver session started.
[2023-03-06 02:03:25] [1] [ERROR] TEST [Surefire test - loginTest] FAILED at [18:03:25 2023-03-06] - Configuration parameter 'env' should be set!

com.zebrunner.carina.utils.Configuration.getEnvArg(Configuration.java:410)
com.zebrunner.carina.utils.Configuration.getEnvArg(Configuration.java:356)
com.qaprosoft.carina.core.foundation.webdriver.DriverHelper.getUrl(DriverHelper.java:1340)
com.qaprosoft.carina.core.foundation.webdriver.DriverHelper.<init>(DriverHelper.java:111)
com.qaprosoft.carina.core.foundation.webdriver.DriverHelper.<init>(DriverHelper.java:121)
com.qaprosoft.carina.core.gui.AbstractUIObject.<init>(AbstractUIObject.java:71)
com.qaprosoft.carina.core.gui.AbstractUIObject.<init>(AbstractUIObject.java:55)
com.qaprosoft.carina.core.gui.AbstractPage.<init>(AbstractPage.java:56)
com.mechsearth.gui.pages.HomePage.<init>(HomePage.java:15)
carinaimpl.LoginTest.loginTest(LoginTest.java:16)
java.base/jdk.internal.reflect.DirectMethodHandleAccessor.invoke(DirectMethodHandleAccessor.java:104)
java.base/java.lang.reflect.Method.invoke(Method.java:578)
org.testng.internal.invokers.MethodInvocationHelper.invokeMethod(MethodInvocationHelper.java:139)
org.testng.internal.invokers.TestInvoker.invokeMethod(TestInvoker.java:677)
org.testng.internal.invokers.TestInvoker.invokeTestMethod(TestInvoker.java:221)
org.testng.internal.invokers.MethodRunner.runInSequence(MethodRunner.java:50)
org.testng.internal.invokers.TestInvoker$MethodInvocationAgent.invoke(TestInvoker.java:969)
org.testng.internal.invokers.TestInvoker.invokeTestMethods(TestInvoker.java:194)
org.testng.internal.invokers.TestMethodWorker.invokeTestMethods(TestMethodWorker.java:148)
org.testng.internal.invokers.TestMethodWorker.run(TestMethodWorker.java:128)
java.base/java.util.ArrayList.forEach(ArrayList.java:1511)
org.testng.TestRunner.privateRun(TestRunner.java:829)
org.testng.TestRunner.run(TestRunner.java:602)
org.testng.SuiteRunner.runTest(SuiteRunner.java:437)
org.testng.SuiteRunner.runSequentially(SuiteRunner.java:431)
org.testng.SuiteRunner.privateRun(SuiteRunner.java:391)
org.testng.SuiteRunner.run(SuiteRunner.java:330)
org.testng.SuiteRunnerWorker.runSuite(SuiteRunnerWorker.java:52)
org.testng.SuiteRunnerWorker.run(SuiteRunnerWorker.java:95)
org.testng.TestNG.runSuitesSequentially(TestNG.java:1256)
org.testng.TestNG.runSuitesLocally(TestNG.java:1176)
org.testng.TestNG.runSuites(TestNG.java:1099)
org.testng.TestNG.run(TestNG.java:1067)
org.apache.maven.surefire.testng.TestNGExecutor.run(TestNGExecutor.java:151)
org.apache.maven.surefire.testng.TestNGDirectoryTestSuite.executeSingleClass(TestNGDirectoryTestSuite.java:111)
org.apache.maven.surefire.testng.TestNGDirectoryTestSuite.execute(TestNGDirectoryTestSuite.java:98)
org.apache.maven.surefire.testng.TestNGProvider.invoke(TestNGProvider.java:155)
org.apache.maven.surefire.booter.ForkedBooter.runSuitesInProcess(ForkedBooter.java:456)
org.apache.maven.surefire.booter.ForkedBooter.execute(ForkedBooter.java:169)
org.apache.maven.surefire.booter.ForkedBooter.run(ForkedBooter.java:595)
org.apache.maven.surefire.booter.ForkedBooter.main(ForkedBooter.java:581)
